ERROR   2021-01-19 13:52:44,314 [http-nio-8084-exec-70] khoapc.servlet.UpdateServlet  - com.microsoft.sqlserver.jdbc.SQLServerException: The value is not set for the parameter number 10.
ERROR   2021-01-19 13:54:27,612 [http-nio-8084-exec-80] khoapc.servlet.UpdateServlet  - com.microsoft.sqlserver.jdbc.SQLServerException: The value is not set for the parameter number 10.
ERROR   2021-01-19 13:58:39,884 [http-nio-8084-exec-84] khoapc.servlet.UpdateServlet  - com.microsoft.sqlserver.jdbc.SQLServerException: The value is not set for the parameter number 10.
ERROR   2021-01-19 14:00:03,394 [http-nio-8084-exec-98] khoapc.servlet.UpdateServlet  - com.microsoft.sqlserver.jdbc.SQLServerException: The value is not set for the parameter number 10.
ERROR   2021-01-19 14:03:44,211 [http-nio-8084-exec-106] khoapc.servlet.UpdateServlet  - com.microsoft.sqlserver.jdbc.SQLServerException: The value is not set for the parameter number 10.
ERROR   2021-01-22 16:31:54,889 [http-nio-8084-exec-240] khoapc.servlet.PurchaseServlet  - com.microsoft.sqlserver.jdbc.SQLServerException: The value is not set for the parameter number 1.
ERROR   2021-01-22 16:34:37,219 [http-nio-8084-exec-259] khoapc.servlet.PurchaseServlet  - com.microsoft.sqlserver.jdbc.SQLServerException: The value is not set for the parameter number 1.
ERROR   2021-01-22 16:34:39,208 [http-nio-8084-exec-262] khoapc.servlet.PurchaseServlet  - com.microsoft.sqlserver.jdbc.SQLServerException: The value is not set for the parameter number 1.
ERROR   2021-01-22 16:34:39,881 [http-nio-8084-exec-260] khoapc.servlet.PurchaseServlet  - com.microsoft.sqlserver.jdbc.SQLServerException: The value is not set for the parameter number 1.
ERROR   2021-01-22 16:34:40,135 [http-nio-8084-exec-264] khoapc.servlet.PurchaseServlet  - com.microsoft.sqlserver.jdbc.SQLServerException: The value is not set for the parameter number 1.
ERROR   2021-01-22 16:34:40,522 [http-nio-8084-exec-266] khoapc.servlet.PurchaseServlet  - com.microsoft.sqlserver.jdbc.SQLServerException: The value is not set for the parameter number 1.
ERROR   2021-01-22 16:34:49,008 [http-nio-8084-exec-267] khoapc.servlet.PurchaseServlet  - com.microsoft.sqlserver.jdbc.SQLServerException: The value is not set for the parameter number 1.
ERROR   2021-01-22 16:36:19,237 [http-nio-8084-exec-269] khoapc.servlet.PurchaseServlet  - com.microsoft.sqlserver.jdbc.SQLServerException: The value is not set for the parameter number 1.
ERROR   2021-01-22 16:39:41,284 [http-nio-8084-exec-274] khoapc.servlet.PurchaseServlet  - com.microsoft.sqlserver.jdbc.SQLServerException: The value is not set for the parameter number 1.
ERROR   2021-01-22 17:00:04,710 [http-nio-8084-exec-315] khoapc.servlet.PurchaseServlet  - java.lang.NullPointerException
ERROR   2021-01-22 17:19:16,216 [http-nio-8084-exec-356] khoapc.servlet.PurchaseServlet  - java.lang.NullPointerException
ERROR   2021-01-23 12:25:58,291 [http-nio-8084-exec-75] khoapc.servlet.PurchaseServlet  - java.lang.NumberFormatException: empty String
ERROR   2021-01-23 12:26:01,372 [http-nio-8084-exec-69] khoapc.servlet.PurchaseServlet  - java.lang.NumberFormatException: empty String
ERROR   2021-01-23 12:27:32,138 [http-nio-8084-exec-80] khoapc.servlet.PurchaseServlet  - java.lang.NumberFormatException: empty String
ERROR   2021-01-23 14:23:30,328 [http-nio-8084-exec-221] khoapc.servlet.SearchHistoryServlet  - java.text.ParseException: Unparseable date: ""
ERROR   2021-01-23 14:23:59,265 [http-nio-8084-exec-193] khoapc.servlet.SearchHistoryServlet  - java.lang.RuntimeException: Uncompilable source code - not a statement
ERROR   2021-01-23 17:40:57,521 [http-nio-8084-exec-507] khoapc.servlet.PurchaseServlet  - java.lang.NullPointerException
ERROR   2021-01-23 17:41:04,524 [http-nio-8084-exec-505] khoapc.servlet.PurchaseServlet  - java.lang.NullPointerException
ERROR   2021-01-23 18:10:03,538 [http-nio-8084-exec-574] khoapc.servlet.PurchaseServlet  - java.lang.NullPointerException
ERROR   2021-01-23 18:11:41,127 [http-nio-8084-exec-569] khoapc.servlet.PurchaseServlet  - java.lang.NullPointerException
ERROR   2021-01-23 18:12:03,663 [http-nio-8084-exec-577] khoapc.servlet.PurchaseServlet  - java.lang.NullPointerException
ERROR   2021-01-23 18:34:46,311 [http-nio-8084-exec-622] khoapc.servlet.DefaultSearchServlet  - java.lang.NumberFormatException: For input string: "null"
ERROR   2021-01-23 18:37:04,985 [http-nio-8084-exec-637] khoapc.servlet.DefaultSearchServlet  - java.lang.NumberFormatException: For input string: ""
ERROR   2021-01-23 18:37:40,031 [http-nio-8084-exec-650] khoapc.servlet.DefaultSearchServlet  - java.lang.NumberFormatException: For input string: ""
ERROR   2021-01-23 18:39:59,653 [http-nio-8084-exec-653] khoapc.servlet.DefaultSearchServlet  - java.lang.NumberFormatException: For input string: ""
ERROR   2021-01-23 18:43:02,907 [http-nio-8084-exec-665] khoapc.servlet.CreateServlet  - com.microsoft.sqlserver.jdbc.SQLServerException: Invalid column name 'username'.
ERROR   2021-01-23 18:43:28,528 [http-nio-8084-exec-671] khoapc.servlet.CreateServlet  - com.microsoft.sqlserver.jdbc.SQLServerException: Invalid column name 'username'.
ERROR   2021-01-23 18:44:07,951 [http-nio-8084-exec-660] khoapc.servlet.CreateServlet  - com.microsoft.sqlserver.jdbc.SQLServerException: Invalid column name 'username'.
ERROR   2021-01-23 18:47:15,999 [http-nio-8084-exec-681] khoapc.servlet.CreateServlet  - com.microsoft.sqlserver.jdbc.SQLServerException: The value is not set for the parameter number 10.
ERROR   2021-01-23 19:02:10,236 [http-nio-8084-exec-701] khoapc.servlet.AddToCartServlet  - java.lang.RuntimeException: Uncompilable source code - unexpected type
  required: variable
  found:    value
ERROR   2021-01-23 19:02:22,008 [http-nio-8084-exec-703] khoapc.servlet.AddToCartServlet  - java.lang.RuntimeException: Uncompilable source code - unexpected type
  required: variable
  found:    value
ERROR   2021-01-23 19:14:00,645 [http-nio-8084-exec-753] khoapc.servlet.DefaultSearchServlet  - java.lang.NumberFormatException: For input string: "null"
ERROR   2021-01-23 19:14:01,975 [http-nio-8084-exec-763] khoapc.servlet.DefaultSearchServlet  - java.lang.NumberFormatException: For input string: "null"
ERROR   2021-01-23 19:14:09,370 [http-nio-8084-exec-742] khoapc.servlet.DefaultSearchServlet  - java.lang.NumberFormatException: For input string: ""
ERROR   2021-01-23 19:19:10,145 [http-nio-8084-exec-792] khoapc.servlet.DefaultSearchServlet  - java.lang.NumberFormatException: For input string: "null"
ERROR   2021-01-23 21:19:41,677 [http-nio-8084-exec-803] khoapc.servlet.SearchServlet  - com.microsoft.sqlserver.jdbc.SQLServerException: Incorrect syntax near 'OFFSET'.
ERROR   2021-01-23 21:19:47,510 [http-nio-8084-exec-794] khoapc.servlet.SearchServlet  - com.microsoft.sqlserver.jdbc.SQLServerException: Incorrect syntax near 'OFFSET'.
ERROR   2021-01-23 21:19:51,922 [http-nio-8084-exec-796] khoapc.servlet.SearchServlet  - com.microsoft.sqlserver.jdbc.SQLServerException: Incorrect syntax near 'OFFSET'.
ERROR   2021-01-23 21:19:57,134 [http-nio-8084-exec-795] khoapc.servlet.SearchServlet  - com.microsoft.sqlserver.jdbc.SQLServerException: Incorrect syntax near 'OFFSET'.
ERROR   2021-01-23 21:20:01,177 [http-nio-8084-exec-797] khoapc.servlet.SearchServlet  - com.microsoft.sqlserver.jdbc.SQLServerException: Incorrect syntax near 'OFFSET'.
ERROR   2021-01-23 21:20:15,083 [http-nio-8084-exec-799] khoapc.servlet.SearchServlet  - com.microsoft.sqlserver.jdbc.SQLServerException: Incorrect syntax near 'OFFSET'.
ERROR   2021-01-23 21:20:33,560 [http-nio-8084-exec-801] khoapc.servlet.SearchServlet  - com.microsoft.sqlserver.jdbc.SQLServerException: Incorrect syntax near 'OFFSET'.
ERROR   2021-01-23 21:23:15,174 [http-nio-8084-exec-799] khoapc.servlet.DefaultSearchServlet  - java.lang.NumberFormatException: For input string: ""
ERROR   2021-01-23 21:23:28,759 [http-nio-8084-exec-801] khoapc.servlet.DefaultSearchServlet  - java.lang.NumberFormatException: For input string: ""
ERROR   2021-01-23 21:23:33,100 [http-nio-8084-exec-803] khoapc.servlet.DefaultSearchServlet  - java.lang.NumberFormatException: For input string: ""
ERROR   2021-01-23 21:23:44,103 [http-nio-8084-exec-798] khoapc.servlet.DefaultSearchServlet  - java.lang.NumberFormatException: For input string: ""
ERROR   2021-01-23 21:23:54,217 [http-nio-8084-exec-801] khoapc.servlet.DefaultSearchServlet  - java.lang.NumberFormatException: For input string: ""
ERROR   2021-01-23 21:25:11,369 [http-nio-8084-exec-796] khoapc.servlet.DefaultSearchServlet  - java.lang.NumberFormatException: For input string: ""
ERROR   2021-01-23 21:27:48,368 [http-nio-8084-exec-794] khoapc.servlet.DefaultSearchServlet  - java.lang.NumberFormatException: For input string: ""
ERROR   2021-01-23 21:29:40,224 [http-nio-8084-exec-804] khoapc.servlet.DefaultSearchServlet  - java.lang.NumberFormatException: For input string: ""
ERROR   2021-01-23 21:35:00,064 [http-nio-8084-exec-815] khoapc.servlet.DefaultSearchServlet  - java.lang.NumberFormatException: For input string: ""
ERROR   2021-01-23 21:35:13,022 [http-nio-8084-exec-817] khoapc.servlet.DefaultSearchServlet  - java.lang.NumberFormatException: For input string: ""
ERROR   2021-01-23 21:39:34,091 [http-nio-8084-exec-819] khoapc.servlet.DefaultSearchServlet  - java.lang.NumberFormatException: For input string: ""
ERROR   2021-01-23 21:41:02,515 [http-nio-8084-exec-834] khoapc.servlet.SearchServlet  - com.microsoft.sqlserver.jdbc.SQLServerException: Incorrect syntax near 'OFFSET'.
ERROR   2021-01-23 21:45:33,402 [http-nio-8084-exec-853] khoapc.servlet.SearchServlet  - com.microsoft.sqlserver.jdbc.SQLServerException: Incorrect syntax near '@P1'.
ERROR   2021-01-23 21:45:36,049 [http-nio-8084-exec-838] khoapc.servlet.SearchServlet  - com.microsoft.sqlserver.jdbc.SQLServerException: Incorrect syntax near '@P1'.
ERROR   2021-01-23 21:45:41,760 [http-nio-8084-exec-831] khoapc.servlet.SearchServlet  - com.microsoft.sqlserver.jdbc.SQLServerException: Incorrect syntax near '@P1'.
ERROR   2021-01-23 21:48:04,154 [http-nio-8084-exec-854] khoapc.servlet.SearchServlet  - com.microsoft.sqlserver.jdbc.SQLServerException: Incorrect syntax near '@P1'.
ERROR   2021-01-23 21:48:20,574 [http-nio-8084-exec-855] khoapc.servlet.SearchServlet  - com.microsoft.sqlserver.jdbc.SQLServerException: Incorrect syntax near '@P1'.
ERROR   2021-01-23 21:48:25,100 [http-nio-8084-exec-853] khoapc.servlet.SearchServlet  - com.microsoft.sqlserver.jdbc.SQLServerException: Incorrect syntax near '@P1'.
ERROR   2021-01-23 21:51:31,624 [http-nio-8084-exec-858] khoapc.servlet.SearchServlet  - com.microsoft.sqlserver.jdbc.SQLServerException: Incorrect syntax near '@P1'.
ERROR   2021-01-23 21:53:42,507 [http-nio-8084-exec-852] khoapc.servlet.SearchServlet  - com.microsoft.sqlserver.jdbc.SQLServerException: Incorrect syntax near '@P1'.
ERROR   2021-01-23 22:00:43,427 [http-nio-8084-exec-860] khoapc.servlet.SearchServlet  - com.microsoft.sqlserver.jdbc.SQLServerException: Incorrect syntax near '@P1'.
ERROR   2021-01-23 22:01:33,444 [http-nio-8084-exec-851] khoapc.servlet.SearchServlet  - com.microsoft.sqlserver.jdbc.SQLServerException: Incorrect syntax near '@P1'.
ERROR   2021-01-23 22:22:12,999 [http-nio-8084-exec-943] khoapc.servlet.DefaultSearchServlet  - java.lang.NumberFormatException: For input string: "null"
ERROR   2021-01-23 22:22:15,504 [http-nio-8084-exec-944] khoapc.servlet.DefaultSearchServlet  - java.lang.NumberFormatException: For input string: "null"
ERROR   2021-01-23 22:22:17,555 [http-nio-8084-exec-945] khoapc.servlet.DefaultSearchServlet  - java.lang.NumberFormatException: For input string: "null"
ERROR   2021-01-23 22:23:11,147 [http-nio-8084-exec-941] khoapc.servlet.UpdateCartServlet  - java.lang.NumberFormatException: For input string: ""
ERROR   2021-01-23 22:23:14,914 [http-nio-8084-exec-948] khoapc.servlet.UpdateCartServlet  - java.lang.NumberFormatException: For input string: ""
ERROR   2021-01-23 22:23:21,872 [http-nio-8084-exec-942] khoapc.servlet.UpdateCartServlet  - java.lang.NumberFormatException: For input string: ""
ERROR   2021-01-23 22:24:14,949 [http-nio-8084-exec-946] khoapc.servlet.DefaultSearchServlet  - java.lang.NumberFormatException: For input string: "null"
ERROR   2021-01-23 22:24:15,929 [http-nio-8084-exec-947] khoapc.servlet.DefaultSearchServlet  - java.lang.NumberFormatException: For input string: "null"
ERROR   2021-01-23 22:26:52,264 [http-nio-8084-exec-950] khoapc.servlet.DefaultSearchServlet  - java.lang.NumberFormatException: For input string: "null"
